C51 COMPILER V9.56.0.0   ROBOT                                                             06/29/2018 19:42:27 PAGE 1   


C51 COMPILER V9.56.0.0, COMPILATION OF MODULE ROBOT
OBJECT MODULE PLACED IN .\Objects\robot.obj
COMPILER INVOKED BY: C:\Softwares\Keil_v5\C51\BIN\C51.EXE robot.c OPTIMIZE(8,SPEED) BROWSE DEBUG OBJECTEXTEND PRINT(.\Li
                    -stings\robot.lst) TABS(2) OBJECT(.\Objects\robot.obj)

line level    source

   1          #include<reg52.h>
   2          #include<stdio.h>
   3          #include<robot.h>
   4          
   5          unsigned int a;
   6          
   7          void main()
   8          {
   9   1        while(1)
  10   1        {
  11   2          a=P0&0x0f;
  12   2          
  13   2          if(a==0x02)
  14   2            P2=st;
  15   2          if(a==0x04)
  16   2            P2=lt;
  17   2          if(a==0x06)
  18   2            P2=rt;
  19   2          if(a==0x08)
  20   2            P2=rev;
  21   2          if(a==0x05)
  22   2            P2=stop;
  23   2        }
  24   1      }


MODULE INFORMATION:   STATIC OVERLAYABLE
   CODE SIZE        =     63    ----
   CONSTANT SIZE    =   ----    ----
   XDATA SIZE       =   ----    ----
   PDATA SIZE       =   ----    ----
   DATA SIZE        =      2    ----
   IDATA SIZE       =   ----    ----
   BIT SIZE         =   ----    ----
END OF MODULE INFORMATION.


C51 COMPILATION COMPLETE.  0 WARNING(S),  0 ERROR(S)
